[0307/171500.681:ERROR:crash_report_database_win.cc(563)] CreateDirectory C:\Program Files (x86)\reports: Access is denied. (0x5)
[0307/171500.688:ERROR:registration_protocol_win.cc(84)] TransactNamedPipe: The pipe has been ended. (0x6D)
[0307/171500.689:ERROR:crash_report_database_win.cc(563)] CreateDirectory C:\Program Files (x86)\reports: Access is denied. (0x5)
[0307/171500.733:ERROR:crashpad_client_win.cc(660)] crash server failed to launch, no dump captured
[0316/173022.122:ERROR:crash_report_database_win.cc(563)] CreateDirectory C:\Program Files (x86)\reports: Access is denied. (0x5)
[0316/173022.128:ERROR:registration_protocol_win.cc(84)] TransactNamedPipe: The pipe has been ended. (0x6D)
[0316/173022.129:ERROR:crash_report_database_win.cc(563)] CreateDirectory C:\Program Files (x86)\reports: Access is denied. (0x5)
[0316/173024.175:ERROR:crashpad_client_win.cc(660)] crash server failed to launch, no dump captured
[0316/174232.961:ERROR:crash_report_database_win.cc(563)] CreateDirectory C:\Program Files (x86)\reports: Access is denied. (0x5)
[0316/174232.967:ERROR:registration_protocol_win.cc(84)] TransactNamedPipe: The pipe has been ended. (0x6D)
[0316/174232.968:ERROR:crash_report_database_win.cc(563)] CreateDirectory C:\Program Files (x86)\reports: Access is denied. (0x5)
[0316/174234.077:ERROR:crashpad_client_win.cc(660)] crash server failed to launch, no dump captured
[0319/153022.070:ERROR:file_io_win.cc(163)] CreateFile C:\Program Files (x86)\settings.dat: Access is denied. (0x5)
[0319/153022.076:ERROR:registration_protocol_win.cc(84)] TransactNamedPipe: The pipe has been ended. (0x6D)
[0319/153022.077:ERROR:file_io_win.cc(163)] CreateFile C:\Program Files (x86)\settings.dat: Access is denied. (0x5)
[0319/153022.611:ERROR:crashpad_client_win.cc(660)] crash server failed to launch, no dump captured
[0319/153044.691:ERROR:file_io_win.cc(163)] CreateFile C:\Program Files (x86)\settings.dat: Access is denied. (0x5)
[0319/153044.699:ERROR:registration_protocol_win.cc(84)] TransactNamedPipe: The pipe has been ended. (0x6D)
[0319/153044.700:ERROR:file_io_win.cc(163)] CreateFile C:\Program Files (x86)\settings.dat: Access is denied. (0x5)
[0319/153044.734:ERROR:crashpad_client_win.cc(660)] crash server failed to launch, no dump captured
[0319/153119.772:ERROR:file_io_win.cc(163)] CreateFile C:\Program Files (x86)\settings.dat: Access is denied. (0x5)
[0319/153119.780:ERROR:registration_protocol_win.cc(84)] TransactNamedPipe: The pipe has been ended. (0x6D)
[0319/153119.781:ERROR:file_io_win.cc(163)] CreateFile C:\Program Files (x86)\settings.dat: Access is denied. (0x5)
[0319/153119.817:ERROR:crashpad_client_win.cc(660)] crash server failed to launch, no dump captured
[0319/173830.722:ERROR:file_io_win.cc(163)] CreateFile C:\Program Files (x86)\settings.dat: Access is denied. (0x5)
[0319/173830.728:ERROR:registration_protocol_win.cc(84)] TransactNamedPipe: The pipe has been ended. (0x6D)
[0319/173830.730:ERROR:file_io_win.cc(163)] CreateFile C:\Program Files (x86)\settings.dat: Access is denied. (0x5)
[0319/173830.761:ERROR:crashpad_client_win.cc(660)] crash server failed to launch, no dump captured
[0320/123435.715:ERROR:file_io_win.cc(163)] CreateFile C:\Program Files (x86)\settings.dat: Access is denied. (0x5)
[0320/123435.723:ERROR:registration_protocol_win.cc(84)] TransactNamedPipe: The pipe has been ended. (0x6D)
[0320/123435.725:ERROR:file_io_win.cc(163)] CreateFile C:\Program Files (x86)\settings.dat: Access is denied. (0x5)
[0320/123436.305:ERROR:crashpad_client_win.cc(660)] crash server failed to launch, no dump captured
[0320/123505.808:ERROR:file_io_win.cc(163)] CreateFile C:\Program Files (x86)\settings.dat: Access is denied. (0x5)
[0320/123505.815:ERROR:registration_protocol_win.cc(84)] TransactNamedPipe: The pipe has been ended. (0x6D)
[0320/123505.816:ERROR:file_io_win.cc(163)] CreateFile C:\Program Files (x86)\settings.dat: Access is denied. (0x5)
[0320/123505.855:ERROR:crashpad_client_win.cc(660)] crash server failed to launch, no dump captured
[0320/123535.414:ERROR:file_io_win.cc(163)] CreateFile C:\Program Files (x86)\settings.dat: Access is denied. (0x5)
[0320/123535.420:ERROR:registration_protocol_win.cc(84)] TransactNamedPipe: The pipe has been ended. (0x6D)
[0320/123535.422:ERROR:file_io_win.cc(163)] CreateFile C:\Program Files (x86)\settings.dat: Access is denied. (0x5)
[0320/123535.459:ERROR:crashpad_client_win.cc(660)] crash server failed to launch, no dump captured
[0320/123547.349:ERROR:file_io_win.cc(163)] CreateFile C:\Program Files (x86)\settings.dat: Access is denied. (0x5)
[0320/123547.357:ERROR:registration_protocol_win.cc(84)] TransactNamedPipe: The pipe has been ended. (0x6D)
[0320/123547.358:ERROR:file_io_win.cc(163)] CreateFile C:\Program Files (x86)\settings.dat: Access is denied. (0x5)
[0320/123547.588:ERROR:crashpad_client_win.cc(660)] crash server failed to launch, no dump captured
[0320/130058.568:ERROR:file_io_win.cc(163)] CreateFile C:\Program Files (x86)\settings.dat: Access is denied. (0x5)
[0320/130058.573:ERROR:registration_protocol_win.cc(84)] TransactNamedPipe: The pipe has been ended. (0x6D)
[0320/130058.575:ERROR:file_io_win.cc(163)] CreateFile C:\Program Files (x86)\settings.dat: Access is denied. (0x5)
[0320/130059.072:ERROR:crashpad_client_win.cc(660)] crash server failed to launch, no dump captured
[0320/135946.680:ERROR:file_io_win.cc(163)] CreateFile C:\Program Files (x86)\settings.dat: Access is denied. (0x5)
[0320/135946.686:ERROR:registration_protocol_win.cc(84)] TransactNamedPipe: The pipe has been ended. (0x6D)
[0320/135946.688:ERROR:file_io_win.cc(163)] CreateFile C:\Program Files (x86)\settings.dat: Access is denied. (0x5)
[0320/135947.179:ERROR:crashpad_client_win.cc(660)] crash server failed to launch, no dump captured
[0320/150953.204:ERROR:file_io_win.cc(163)] CreateFile C:\Program Files (x86)\settings.dat: Access is denied. (0x5)
[0320/150953.209:ERROR:registration_protocol_win.cc(84)] TransactNamedPipe: The pipe has been ended. (0x6D)
[0320/150953.211:ERROR:file_io_win.cc(163)] CreateFile C:\Program Files (x86)\settings.dat: Access is denied. (0x5)
[0320/150953.735:ERROR:crashpad_client_win.cc(660)] crash server failed to launch, no dump captured
[0320/151028.770:ERROR:file_io_win.cc(163)] CreateFile C:\Program Files (x86)\settings.dat: Access is denied. (0x5)
[0320/151028.775:ERROR:registration_protocol_win.cc(84)] TransactNamedPipe: The pipe has been ended. (0x6D)
[0320/151028.776:ERROR:file_io_win.cc(163)] CreateFile C:\Program Files (x86)\settings.dat: Access is denied. (0x5)
[0320/151028.803:ERROR:crashpad_client_win.cc(660)] crash server failed to launch, no dump captured
[0320/151122.642:ERROR:file_io_win.cc(163)] CreateFile C:\Program Files (x86)\settings.dat: Access is denied. (0x5)
[0320/151122.650:ERROR:registration_protocol_win.cc(84)] TransactNamedPipe: The pipe has been ended. (0x6D)
[0320/151122.652:ERROR:file_io_win.cc(163)] CreateFile C:\Program Files (x86)\settings.dat: Access is denied. (0x5)
[0320/151122.685:ERROR:crashpad_client_win.cc(660)] crash server failed to launch, no dump captured
[0320/174527.633:ERROR:file_io_win.cc(163)] CreateFile C:\Program Files (x86)\settings.dat: Access is denied. (0x5)
[0320/174527.639:ERROR:registration_protocol_win.cc(84)] TransactNamedPipe: The pipe has been ended. (0x6D)
[0320/174527.640:ERROR:file_io_win.cc(163)] CreateFile C:\Program Files (x86)\settings.dat: Access is denied. (0x5)
[0320/174528.179:ERROR:crashpad_client_win.cc(660)] crash server failed to launch, no dump captured
[0321/115341.048:ERROR:file_io_win.cc(163)] CreateFile C:\Program Files (x86)\settings.dat: Access is denied. (0x5)
[0321/115341.075:ERROR:registration_protocol_win.cc(84)] TransactNamedPipe: The pipe has been ended. (0x6D)
[0321/115341.077:ERROR:file_io_win.cc(163)] CreateFile C:\Program Files (x86)\settings.dat: Access is denied. (0x5)
[0321/115341.112:ERROR:crashpad_client_win.cc(660)] crash server failed to launch, no dump captured
[0321/145342.090:ERROR:file_io_win.cc(163)] CreateFile C:\Program Files (x86)\settings.dat: Access is denied. (0x5)
[0321/145342.096:ERROR:registration_protocol_win.cc(84)] TransactNamedPipe: The pipe has been ended. (0x6D)
[0321/145342.098:ERROR:file_io_win.cc(163)] CreateFile C:\Program Files (x86)\settings.dat: Access is denied. (0x5)
[0321/145342.585:ERROR:crashpad_client_win.cc(660)] crash server failed to launch, no dump captured
[0321/170232.669:ERROR:file_io_win.cc(163)] CreateFile C:\Program Files (x86)\settings.dat: Access is denied. (0x5)
[0321/170232.672:ERROR:registration_protocol_win.cc(84)] TransactNamedPipe: The pipe has been ended. (0x6D)
[0321/170232.673:ERROR:file_io_win.cc(163)] CreateFile C:\Program Files (x86)\settings.dat: Access is denied. (0x5)
[0321/170232.701:ERROR:crashpad_client_win.cc(660)] crash server failed to launch, no dump captured
[0321/171018.630:ERROR:file_io_win.cc(163)] CreateFile C:\Program Files (x86)\settings.dat: Access is denied. (0x5)
[0321/171018.633:ERROR:registration_protocol_win.cc(84)] TransactNamedPipe: The pipe has been ended. (0x6D)
[0321/171018.635:ERROR:file_io_win.cc(163)] CreateFile C:\Program Files (x86)\settings.dat: Access is denied. (0x5)
[0321/171018.668:ERROR:crashpad_client_win.cc(660)] crash server failed to launch, no dump captured
[0322/120434.810:ERROR:file_io_win.cc(163)] CreateFile C:\Program Files (x86)\settings.dat: Access is denied. (0x5)
[0322/120434.828:ERROR:registration_protocol_win.cc(84)] TransactNamedPipe: The pipe has been ended. (0x6D)
[0322/120434.829:ERROR:file_io_win.cc(163)] CreateFile C:\Program Files (x86)\settings.dat: Access is denied. (0x5)
[0322/120435.297:ERROR:crashpad_client_win.cc(660)] crash server failed to launch, no dump captured
[0322/122747.394:ERROR:file_io_win.cc(163)] CreateFile C:\Program Files (x86)\settings.dat: Access is denied. (0x5)
[0322/122747.400:ERROR:registration_protocol_win.cc(84)] TransactNamedPipe: The pipe has been ended. (0x6D)
[0322/122747.401:ERROR:file_io_win.cc(163)] CreateFile C:\Program Files (x86)\settings.dat: Access is denied. (0x5)
[0322/122747.438:ERROR:crashpad_client_win.cc(660)] crash server failed to launch, no dump captured
[0322/144602.252:ERROR:file_io_win.cc(163)] CreateFile C:\Program Files (x86)\settings.dat: Access is denied. (0x5)
[0322/144602.256:ERROR:registration_protocol_win.cc(84)] TransactNamedPipe: The pipe has been ended. (0x6D)
[0322/144602.257:ERROR:file_io_win.cc(163)] CreateFile C:\Program Files (x86)\settings.dat: Access is denied. (0x5)
[0322/144602.736:ERROR:crashpad_client_win.cc(660)] crash server failed to launch, no dump captured
[0322/151133.396:ERROR:file_io_win.cc(163)] CreateFile C:\Program Files (x86)\settings.dat: Access is denied. (0x5)
[0322/151133.401:ERROR:registration_protocol_win.cc(84)] TransactNamedPipe: The pipe has been ended. (0x6D)
[0322/151133.402:ERROR:file_io_win.cc(163)] CreateFile C:\Program Files (x86)\settings.dat: Access is denied. (0x5)
[0322/151133.878:ERROR:crashpad_client_win.cc(660)] crash server failed to launch, no dump captured
[0323/100641.452:ERROR:file_io_win.cc(163)] CreateFile C:\Program Files (x86)\settings.dat: Access is denied. (0x5)
[0323/100641.457:ERROR:registration_protocol_win.cc(84)] TransactNamedPipe: The pipe has been ended. (0x6D)
[0323/100641.458:ERROR:file_io_win.cc(163)] CreateFile C:\Program Files (x86)\settings.dat: Access is denied. (0x5)
[0323/100641.984:ERROR:crashpad_client_win.cc(660)] crash server failed to launch, no dump captured
[0323/162949.843:ERROR:file_io_win.cc(163)] CreateFile C:\Program Files (x86)\settings.dat: Access is denied. (0x5)
[0323/162949.875:ERROR:registration_protocol_win.cc(84)] TransactNamedPipe: The pipe has been ended. (0x6D)
[0323/162949.877:ERROR:file_io_win.cc(163)] CreateFile C:\Program Files (x86)\settings.dat: Access is denied. (0x5)
[0323/162951.039:ERROR:crashpad_client_win.cc(660)] crash server failed to launch, no dump captured
[0323/172534.517:ERROR:file_io_win.cc(163)] CreateFile C:\Program Files (x86)\settings.dat: Access is denied. (0x5)
[0323/172534.519:ERROR:registration_protocol_win.cc(84)] TransactNamedPipe: The pipe has been ended. (0x6D)
[0323/172534.521:ERROR:file_io_win.cc(163)] CreateFile C:\Program Files (x86)\settings.dat: Access is denied. (0x5)
[0323/172534.551:ERROR:crashpad_client_win.cc(660)] crash server failed to launch, no dump captured
[0323/173040.532:ERROR:file_io_win.cc(163)] CreateFile C:\Program Files (x86)\settings.dat: Access is denied. (0x5)
[0323/173040.541:ERROR:registration_protocol_win.cc(84)] TransactNamedPipe: The pipe has been ended. (0x6D)
[0323/173040.543:ERROR:file_io_win.cc(163)] CreateFile C:\Program Files (x86)\settings.dat: Access is denied. (0x5)
[0323/173040.584:ERROR:crashpad_client_win.cc(660)] crash server failed to launch, no dump captured
[0324/094609.579:ERROR:file_io_win.cc(163)] CreateFile C:\Program Files (x86)\settings.dat: Access is denied. (0x5)
[0324/094609.582:ERROR:registration_protocol_win.cc(84)] TransactNamedPipe: The pipe has been ended. (0x6D)
[0324/094609.584:ERROR:file_io_win.cc(163)] CreateFile C:\Program Files (x86)\settings.dat: Access is denied. (0x5)
[0324/094609.618:ERROR:crashpad_client_win.cc(660)] crash server failed to launch, no dump captured
[0324/094623.885:ERROR:file_io_win.cc(163)] CreateFile C:\Program Files (x86)\settings.dat: Access is denied. (0x5)
[0324/094623.894:ERROR:registration_protocol_win.cc(84)] TransactNamedPipe: The pipe has been ended. (0x6D)
[0324/094623.895:ERROR:file_io_win.cc(163)] CreateFile C:\Program Files (x86)\settings.dat: Access is denied. (0x5)
[0324/094623.925:ERROR:crashpad_client_win.cc(660)] crash server failed to launch, no dump captured
[0326/101908.125:ERROR:file_io_win.cc(163)] CreateFile C:\Program Files (x86)\settings.dat: Access is denied. (0x5)
[0326/101908.152:ERROR:registration_protocol_win.cc(84)] TransactNamedPipe: The pipe has been ended. (0x6D)
[0326/101908.154:ERROR:file_io_win.cc(163)] CreateFile C:\Program Files (x86)\settings.dat: Access is denied. (0x5)
[0326/101908.964:ERROR:crashpad_client_win.cc(660)] crash server failed to launch, no dump captured
[0326/120209.324:ERROR:file_io_win.cc(163)] CreateFile C:\Program Files (x86)\settings.dat: Access is denied. (0x5)
[0326/120209.328:ERROR:registration_protocol_win.cc(84)] TransactNamedPipe: The pipe has been ended. (0x6D)
[0326/120209.329:ERROR:file_io_win.cc(163)] CreateFile C:\Program Files (x86)\settings.dat: Access is denied. (0x5)
[0326/120209.792:ERROR:crashpad_client_win.cc(660)] crash server failed to launch, no dump captured
[0326/160516.310:ERROR:file_io_win.cc(163)] CreateFile C:\Program Files (x86)\settings.dat: Access is denied. (0x5)
[0326/160516.314:ERROR:registration_protocol_win.cc(84)] TransactNamedPipe: The pipe has been ended. (0x6D)
[0326/160516.316:ERROR:file_io_win.cc(163)] CreateFile C:\Program Files (x86)\settings.dat: Access is denied. (0x5)
[0326/160516.894:ERROR:crashpad_client_win.cc(660)] crash server failed to launch, no dump captured
[0326/160625.735:ERROR:file_io_win.cc(163)] CreateFile C:\Program Files (x86)\settings.dat: Access is denied. (0x5)
[0326/160625.740:ERROR:registration_protocol_win.cc(84)] TransactNamedPipe: The pipe has been ended. (0x6D)
[0326/160625.742:ERROR:file_io_win.cc(163)] CreateFile C:\Program Files (x86)\settings.dat: Access is denied. (0x5)
[0326/160625.781:ERROR:crashpad_client_win.cc(660)] crash server failed to launch, no dump captured
[0327/120432.820:ERROR:file_io_win.cc(163)] CreateFile C:\Program Files (x86)\settings.dat: Access is denied. (0x5)
[0327/120432.838:ERROR:registration_protocol_win.cc(84)] TransactNamedPipe: The pipe has been ended. (0x6D)
[0327/120432.840:ERROR:file_io_win.cc(163)] CreateFile C:\Program Files (x86)\settings.dat: Access is denied. (0x5)
[0327/120432.886:ERROR:crashpad_client_win.cc(660)] crash server failed to launch, no dump captured
[0327/140752.784:ERROR:file_io_win.cc(163)] CreateFile C:\Program Files (x86)\settings.dat: Access is denied. (0x5)
[0327/140752.787:ERROR:registration_protocol_win.cc(84)] TransactNamedPipe: The pipe has been ended. (0x6D)
[0327/140752.789:ERROR:file_io_win.cc(163)] CreateFile C:\Program Files (x86)\settings.dat: Access is denied. (0x5)
[0327/140752.822:ERROR:crashpad_client_win.cc(660)] crash server failed to launch, no dump captured
[0327/142324.479:ERROR:file_io_win.cc(163)] CreateFile C:\Program Files (x86)\settings.dat: Access is denied. (0x5)
[0327/142324.483:ERROR:registration_protocol_win.cc(84)] TransactNamedPipe: The pipe has been ended. (0x6D)
[0327/142324.485:ERROR:file_io_win.cc(163)] CreateFile C:\Program Files (x86)\settings.dat: Access is denied. (0x5)
[0327/142324.522:ERROR:crashpad_client_win.cc(660)] crash server failed to launch, no dump captured
[0327/142350.770:ERROR:file_io_win.cc(163)] CreateFile C:\Program Files (x86)\settings.dat: Access is denied. (0x5)
[0327/142350.773:ERROR:registration_protocol_win.cc(84)] TransactNamedPipe: The pipe has been ended. (0x6D)
[0327/142350.774:ERROR:file_io_win.cc(163)] CreateFile C:\Program Files (x86)\settings.dat: Access is denied. (0x5)
[0327/142350.816:ERROR:crashpad_client_win.cc(660)] crash server failed to launch, no dump captured
[0327/142745.137:ERROR:file_io_win.cc(163)] CreateFile C:\Program Files (x86)\settings.dat: Access is denied. (0x5)
[0327/142745.140:ERROR:registration_protocol_win.cc(84)] TransactNamedPipe: The pipe has been ended. (0x6D)
[0327/142745.141:ERROR:file_io_win.cc(163)] CreateFile C:\Program Files (x86)\settings.dat: Access is denied. (0x5)
[0327/142745.177:ERROR:crashpad_client_win.cc(660)] crash server failed to launch, no dump captured
[0327/142759.083:ERROR:file_io_win.cc(163)] CreateFile C:\Program Files (x86)\settings.dat: Access is denied. (0x5)
[0327/142759.092:ERROR:registration_protocol_win.cc(84)] TransactNamedPipe: The pipe has been ended. (0x6D)
[0327/142759.093:ERROR:file_io_win.cc(163)] CreateFile C:\Program Files (x86)\settings.dat: Access is denied. (0x5)
[0327/142759.123:ERROR:crashpad_client_win.cc(660)] crash server failed to launch, no dump captured
[0327/143344.118:ERROR:file_io_win.cc(163)] CreateFile C:\Program Files (x86)\settings.dat: Access is denied. (0x5)
[0327/143344.122:ERROR:registration_protocol_win.cc(84)] TransactNamedPipe: The pipe has been ended. (0x6D)
[0327/143344.124:ERROR:file_io_win.cc(163)] CreateFile C:\Program Files (x86)\settings.dat: Access is denied. (0x5)
[0327/143344.165:ERROR:crashpad_client_win.cc(660)] crash server failed to launch, no dump captured
[0328/114938.760:ERROR:file_io_win.cc(163)] CreateFile C:\Program Files (x86)\settings.dat: Access is denied. (0x5)
[0328/114938.764:ERROR:registration_protocol_win.cc(84)] TransactNamedPipe: The pipe has been ended. (0x6D)
[0328/114938.765:ERROR:file_io_win.cc(163)] CreateFile C:\Program Files (x86)\settings.dat: Access is denied. (0x5)
[0328/114939.587:ERROR:crashpad_client_win.cc(660)] crash server failed to launch, no dump captured
[0329/114132.977:ERROR:file_io_win.cc(163)] CreateFile C:\Program Files (x86)\settings.dat: Access is denied. (0x5)
[0329/114133.008:ERROR:registration_protocol_win.cc(84)] TransactNamedPipe: The pipe has been ended. (0x6D)
[0329/114133.010:ERROR:file_io_win.cc(163)] CreateFile C:\Program Files (x86)\settings.dat: Access is denied. (0x5)
[0329/114133.036:ERROR:crashpad_client_win.cc(660)] crash server failed to launch, no dump captured
[0329/171552.821:ERROR:file_io_win.cc(163)] CreateFile C:\Program Files (x86)\settings.dat: Access is denied. (0x5)
[0329/171552.841:ERROR:registration_protocol_win.cc(84)] TransactNamedPipe: The pipe has been ended. (0x6D)
[0329/171552.842:ERROR:file_io_win.cc(163)] CreateFile C:\Program Files (x86)\settings.dat: Access is denied. (0x5)
[0329/171552.874:ERROR:crashpad_client_win.cc(660)] crash server failed to launch, no dump captured
[0331/115755.004:ERROR:file_io_win.cc(163)] CreateFile C:\Program Files (x86)\settings.dat: Access is denied. (0x5)
[0331/115755.018:ERROR:registration_protocol_win.cc(84)] TransactNamedPipe: The pipe has been ended. (0x6D)
[0331/115755.019:ERROR:file_io_win.cc(163)] CreateFile C:\Program Files (x86)\settings.dat: Access is denied. (0x5)
[0331/115755.540:ERROR:crashpad_client_win.cc(660)] crash server failed to launch, no dump captured
[0331/115809.844:ERROR:file_io_win.cc(163)] CreateFile C:\Program Files (x86)\settings.dat: Access is denied. (0x5)
[0331/115809.848:ERROR:registration_protocol_win.cc(84)] TransactNamedPipe: The pipe has been ended. (0x6D)
[0331/115809.850:ERROR:file_io_win.cc(163)] CreateFile C:\Program Files (x86)\settings.dat: Access is denied. (0x5)
[0331/115810.283:ERROR:crashpad_client_win.cc(660)] crash server failed to launch, no dump captured
[0331/115835.028:ERROR:file_io_win.cc(163)] CreateFile C:\Program Files (x86)\settings.dat: Access is denied. (0x5)
[0331/115835.033:ERROR:registration_protocol_win.cc(84)] TransactNamedPipe: The pipe has been ended. (0x6D)
[0331/115835.034:ERROR:file_io_win.cc(163)] CreateFile C:\Program Files (x86)\settings.dat: Access is denied. (0x5)
[0331/115835.478:ERROR:crashpad_client_win.cc(660)] crash server failed to launch, no dump captured
[0331/160044.429:ERROR:file_io_win.cc(163)] CreateFile C:\Program Files (x86)\settings.dat: Access is denied. (0x5)
[0331/160044.472:ERROR:registration_protocol_win.cc(84)] TransactNamedPipe: The pipe has been ended. (0x6D)
[0331/160044.474:ERROR:file_io_win.cc(163)] CreateFile C:\Program Files (x86)\settings.dat: Access is denied. (0x5)
[0331/160046.135:ERROR:crashpad_client_win.cc(660)] crash server failed to launch, no dump captured
[0402/121556.551:ERROR:file_io_win.cc(163)] CreateFile C:\Program Files (x86)\settings.dat: Access is denied. (0x5)
[0402/121556.570:ERROR:registration_protocol_win.cc(84)] TransactNamedPipe: The pipe has been ended. (0x6D)
[0402/121556.572:ERROR:file_io_win.cc(163)] CreateFile C:\Program Files (x86)\settings.dat: Access is denied. (0x5)
[0402/121556.996:ERROR:crashpad_client_win.cc(660)] crash server failed to launch, no dump captured
[0406/124412.747:ERROR:file_io_win.cc(163)] CreateFile C:\Program Files (x86)\settings.dat: Access is denied. (0x5)
[0406/124412.767:ERROR:registration_protocol_win.cc(84)] TransactNamedPipe: The pipe has been ended. (0x6D)
[0406/124412.769:ERROR:file_io_win.cc(163)] CreateFile C:\Program Files (x86)\settings.dat: Access is denied. (0x5)
[0406/124414.559:ERROR:crashpad_client_win.cc(660)] crash server failed to launch, no dump captured
[0410/132209.503:ERROR:file_io_win.cc(163)] CreateFile C:\Program Files (x86)\settings.dat: Access is denied. (0x5)
[0410/132209.523:ERROR:registration_protocol_win.cc(84)] TransactNamedPipe: The pipe has been ended. (0x6D)
[0410/132209.524:ERROR:file_io_win.cc(163)] CreateFile C:\Program Files (x86)\settings.dat: Access is denied. (0x5)
[0410/132211.905:ERROR:crashpad_client_win.cc(660)] crash server failed to launch, no dump captured
[0410/133202.145:ERROR:file_io_win.cc(163)] CreateFile C:\Program Files (x86)\settings.dat: Access is denied. (0x5)
[0410/133202.150:ERROR:registration_protocol_win.cc(84)] TransactNamedPipe: The pipe has been ended. (0x6D)
[0410/133202.152:ERROR:file_io_win.cc(163)] CreateFile C:\Program Files (x86)\settings.dat: Access is denied. (0x5)
[0410/133204.600:ERROR:crashpad_client_win.cc(660)] crash server failed to launch, no dump captured
[0411/164243.597:ERROR:file_io_win.cc(163)] CreateFile C:\Program Files (x86)\settings.dat: Access is denied. (0x5)
[0411/164243.619:ERROR:registration_protocol_win.cc(84)] TransactNamedPipe: The pipe has been ended. (0x6D)
[0411/164243.620:ERROR:file_io_win.cc(163)] CreateFile C:\Program Files (x86)\settings.dat: Access is denied. (0x5)
[0411/164243.647:ERROR:crashpad_client_win.cc(660)] crash server failed to launch, no dump captured
[0411/203532.169:ERROR:file_io_win.cc(163)] CreateFile C:\Program Files (x86)\settings.dat: Access is denied. (0x5)
[0411/203532.184:ERROR:registration_protocol_win.cc(84)] TransactNamedPipe: The pipe has been ended. (0x6D)
[0411/203532.186:ERROR:file_io_win.cc(163)] CreateFile C:\Program Files (x86)\settings.dat: Access is denied. (0x5)
[0411/203532.717:ERROR:crashpad_client_win.cc(660)] crash server failed to launch, no dump captured
[0412/132157.038:ERROR:file_io_win.cc(163)] CreateFile C:\Program Files (x86)\settings.dat: Access is denied. (0x5)
[0412/132157.044:ERROR:registration_protocol_win.cc(84)] TransactNamedPipe: The pipe has been ended. (0x6D)
[0412/132157.046:ERROR:file_io_win.cc(163)] CreateFile C:\Program Files (x86)\settings.dat: Access is denied. (0x5)
[0412/132157.558:ERROR:crashpad_client_win.cc(660)] crash server failed to launch, no dump captured
[0417/125624.360:ERROR:file_io_win.cc(163)] CreateFile C:\Program Files (x86)\settings.dat: Access is denied. (0x5)
[0417/125624.380:ERROR:registration_protocol_win.cc(84)] TransactNamedPipe: The pipe has been ended. (0x6D)
[0417/125624.381:ERROR:file_io_win.cc(163)] CreateFile C:\Program Files (x86)\settings.dat: Access is denied. (0x5)
[0417/125624.431:ERROR:crashpad_client_win.cc(660)] crash server failed to launch, no dump captured
[0419/115343.982:ERROR:file_io_win.cc(163)] CreateFile C:\Program Files (x86)\settings.dat: Access is denied. (0x5)
[0419/115343.986:ERROR:registration_protocol_win.cc(84)] TransactNamedPipe: The pipe has been ended. (0x6D)
[0419/115343.988:ERROR:file_io_win.cc(163)] CreateFile C:\Program Files (x86)\settings.dat: Access is denied. (0x5)
[0419/115344.236:ERROR:file_io_win.cc(163)] CreateFile C:\Program Files (x86)\settings.dat: Access is denied. (0x5)
[0419/115344.352:ERROR:registration_protocol_win.cc(84)] TransactNamedPipe: The pipe has been ended. (0x6D)
[0419/115344.354:ERROR:file_io_win.cc(163)] CreateFile C:\Program Files (x86)\settings.dat: Access is denied. (0x5)
[0419/115344.746:ERROR:crashpad_client_win.cc(660)] crash server failed to launch, no dump captured
[0419/115344.757:ERROR:crashpad_client_win.cc(660)] crash server failed to launch, no dump captured
[0419/140554.586:ERROR:file_io_win.cc(163)] CreateFile C:\Program Files (x86)\settings.dat: Access is denied. (0x5)
[0419/140554.589:ERROR:registration_protocol_win.cc(84)] TransactNamedPipe: The pipe has been ended. (0x6D)
[0419/140554.591:ERROR:file_io_win.cc(163)] CreateFile C:\Program Files (x86)\settings.dat: Access is denied. (0x5)
[0419/140554.626:ERROR:crashpad_client_win.cc(660)] crash server failed to launch, no dump captured
[0423/164842.157:ERROR:file_io_win.cc(163)] CreateFile C:\Program Files (x86)\settings.dat: Access is denied. (0x5)
[0423/164842.174:ERROR:registration_protocol_win.cc(84)] TransactNamedPipe: The pipe has been ended. (0x6D)
[0423/164842.176:ERROR:file_io_win.cc(163)] CreateFile C:\Program Files (x86)\settings.dat: Access is denied. (0x5)
[0423/164842.576:ERROR:crashpad_client_win.cc(660)] crash server failed to launch, no dump captured
[0423/165737.355:ERROR:file_io_win.cc(163)] CreateFile C:\Program Files (x86)\settings.dat: Access is denied. (0x5)
[0423/165737.361:ERROR:registration_protocol_win.cc(84)] TransactNamedPipe: The pipe has been ended. (0x6D)
[0423/165737.362:ERROR:file_io_win.cc(163)] CreateFile C:\Program Files (x86)\settings.dat: Access is denied. (0x5)
[0423/165737.400:ERROR:crashpad_client_win.cc(660)] crash server failed to launch, no dump captured
[0426/070638.516:ERROR:file_io_win.cc(163)] CreateFile C:\Program Files (x86)\settings.dat: Access is denied. (0x5)
[0426/070638.543:ERROR:registration_protocol_win.cc(84)] TransactNamedPipe: The pipe has been ended. (0x6D)
[0426/070638.545:ERROR:file_io_win.cc(163)] CreateFile C:\Program Files (x86)\settings.dat: Access is denied. (0x5)
[0426/070638.580:ERROR:crashpad_client_win.cc(660)] crash server failed to launch, no dump captured
[0426/070844.070:ERROR:file_io_win.cc(163)] CreateFile C:\Program Files (x86)\settings.dat: Access is denied. (0x5)
[0426/070844.076:ERROR:registration_protocol_win.cc(84)] TransactNamedPipe: The pipe has been ended. (0x6D)
[0426/070844.078:ERROR:file_io_win.cc(163)] CreateFile C:\Program Files (x86)\settings.dat: Access is denied. (0x5)
[0426/070844.565:ERROR:crashpad_client_win.cc(660)] crash server failed to launch, no dump captured
[0427/122935.588:ERROR:file_io_win.cc(163)] CreateFile C:\Program Files (x86)\settings.dat: Access is denied. (0x5)
[0427/122935.603:ERROR:registration_protocol_win.cc(84)] TransactNamedPipe: The pipe has been ended. (0x6D)
[0427/122935.605:ERROR:file_io_win.cc(163)] CreateFile C:\Program Files (x86)\settings.dat: Access is denied. (0x5)
[0427/122936.005:ERROR:crashpad_client_win.cc(660)] crash server failed to launch, no dump captured
[0507/175442.058:ERROR:file_io_win.cc(163)] CreateFile C:\Program Files (x86)\settings.dat: Access is denied. (0x5)
[0507/175442.094:ERROR:registration_protocol_win.cc(84)] TransactNamedPipe: The pipe has been ended. (0x6D)
[0507/175442.095:ERROR:file_io_win.cc(163)] CreateFile C:\Program Files (x86)\settings.dat: Access is denied. (0x5)
[0507/175442.141:ERROR:crashpad_client_win.cc(660)] crash server failed to launch, no dump captured
[0518/130659.581:ERROR:crash_report_database_win.cc(563)] CreateDirectory C:\Program Files (x86)\Google\Chrome\reports: Access is denied. (0x5)
[0518/130659.773:ERROR:registration_protocol_win.cc(83)] TransactNamedPipe: The pipe has been ended. (0x6D)
[0518/130659.796:ERROR:crash_report_database_win.cc(563)] CreateDirectory C:\Program Files (x86)\Google\Chrome\reports: Access is denied. (0x5)
[0518/145857.666:ERROR:crash_report_database_win.cc(563)] CreateDirectory C:\Program Files (x86)\Google\Chrome\reports: Access is denied. (0x5)
[0518/145857.678:ERROR:registration_protocol_win.cc(83)] TransactNamedPipe: The pipe has been ended. (0x6D)
[0518/145857.679:ERROR:crash_report_database_win.cc(563)] CreateDirectory C:\Program Files (x86)\Google\Chrome\reports: Access is denied. (0x5)
[0529/130245.550:ERROR:crash_report_database_win.cc(563)] CreateDirectory C:\Program Files (x86)\Google\Chrome\reports: Access is denied. (0x5)
[0529/130245.576:ERROR:registration_protocol_win.cc(83)] TransactNamedPipe: The pipe has been ended. (0x6D)
[0529/130245.578:ERROR:crash_report_database_win.cc(563)] CreateDirectory C:\Program Files (x86)\Google\Chrome\reports: Access is denied. (0x5)
[0529/131136.574:ERROR:crash_report_database_win.cc(563)] CreateDirectory C:\Program Files (x86)\Google\Chrome\reports: Access is denied. (0x5)
[0529/131136.578:ERROR:registration_protocol_win.cc(83)] TransactNamedPipe: The pipe has been ended. (0x6D)
[0529/131136.579:ERROR:crash_report_database_win.cc(563)] CreateDirectory C:\Program Files (x86)\Google\Chrome\reports: Access is denied. (0x5)
[0531/173030.901:ERROR:crash_report_database_win.cc(563)] CreateDirectory C:\Program Files (x86)\Google\Chrome\reports: Access is denied. (0x5)
[0531/173030.917:ERROR:registration_protocol_win.cc(83)] TransactNamedPipe: The pipe has been ended. (0x6D)
[0531/173030.919:ERROR:crash_report_database_win.cc(563)] CreateDirectory C:\Program Files (x86)\Google\Chrome\reports: Access is denied. (0x5)
[0605/131054.049:ERROR:file_io_win.cc(163)] CreateFile C:\Program Files (x86)\Google\Chrome\settings.dat: Access is denied. (0x5)
[0605/131054.077:ERROR:registration_protocol_win.cc(83)] TransactNamedPipe: The pipe has been ended. (0x6D)
[0605/131054.079:ERROR:file_io_win.cc(163)] CreateFile C:\Program Files (x86)\Google\Chrome\settings.dat: Access is denied. (0x5)
[0605/152014.756:ERROR:file_io_win.cc(163)] CreateFile C:\Program Files (x86)\Google\Chrome\settings.dat: Access is denied. (0x5)
[0605/152014.764:ERROR:registration_protocol_win.cc(83)] TransactNamedPipe: The pipe has been ended. (0x6D)
[0605/152014.766:ERROR:file_io_win.cc(163)] CreateFile C:\Program Files (x86)\Google\Chrome\settings.dat: Access is denied. (0x5)
[0606/122623.681:ERROR:file_io_win.cc(163)] CreateFile C:\Program Files (x86)\Google\Chrome\settings.dat: Access is denied. (0x5)
[0606/122623.689:ERROR:registration_protocol_win.cc(83)] TransactNamedPipe: The pipe has been ended. (0x6D)
[0606/122623.826:ERROR:file_io_win.cc(163)] CreateFile C:\Program Files (x86)\Google\Chrome\settings.dat: Access is denied. (0x5)
[0611/202054.189:ERROR:file_io_win.cc(163)] CreateFile C:\Program Files (x86)\Google\Chrome\settings.dat: Access is denied. (0x5)
[0611/202054.227:ERROR:registration_protocol_win.cc(83)] TransactNamedPipe: The pipe has been ended. (0x6D)
[0611/202054.229:ERROR:file_io_win.cc(163)] CreateFile C:\Program Files (x86)\Google\Chrome\settings.dat: Access is denied. (0x5)
