[0329/160808.918:ERROR:file_io_win.cc(163)] CreateFile C:\Program Files (x86)\settings.dat: Access is denied. (0x5)
[0329/160808.922:ERROR:registration_protocol_win.cc(84)] TransactNamedPipe: The pipe has been ended. (0x6D)
[0329/160808.923:ERROR:file_io_win.cc(163)] CreateFile C:\Program Files (x86)\settings.dat: Access is denied. (0x5)
[0329/160808.952:ERROR:crashpad_client_win.cc(660)] crash server failed to launch, no dump captured
[0329/165824.336:ERROR:file_io_win.cc(163)] CreateFile C:\Program Files (x86)\settings.dat: Access is denied. (0x5)
[0329/165824.344:ERROR:registration_protocol_win.cc(84)] TransactNamedPipe: The pipe has been ended. (0x6D)
[0329/165824.346:ERROR:file_io_win.cc(163)] CreateFile C:\Program Files (x86)\settings.dat: Access is denied. (0x5)
[0329/165824.371:ERROR:crashpad_client_win.cc(660)] crash server failed to launch, no dump captured
[0329/170132.914:ERROR:file_io_win.cc(163)] CreateFile C:\Program Files (x86)\settings.dat: Access is denied. (0x5)
[0329/170132.917:ERROR:registration_protocol_win.cc(84)] TransactNamedPipe: The pipe has been ended. (0x6D)
[0329/170132.918:ERROR:file_io_win.cc(163)] CreateFile C:\Program Files (x86)\settings.dat: Access is denied. (0x5)
[0329/170132.949:ERROR:crashpad_client_win.cc(660)] crash server failed to launch, no dump captured
[0329/170507.183:ERROR:file_io_win.cc(163)] CreateFile C:\Program Files (x86)\settings.dat: Access is denied. (0x5)
[0329/170507.186:ERROR:registration_protocol_win.cc(84)] TransactNamedPipe: The pipe has been ended. (0x6D)
[0329/170507.188:ERROR:file_io_win.cc(163)] CreateFile C:\Program Files (x86)\settings.dat: Access is denied. (0x5)
[0329/170507.221:ERROR:crashpad_client_win.cc(660)] crash server failed to launch, no dump captured
[0329/170852.434:ERROR:file_io_win.cc(163)] CreateFile C:\Program Files (x86)\settings.dat: Access is denied. (0x5)
[0329/170852.438:ERROR:registration_protocol_win.cc(84)] TransactNamedPipe: The pipe has been ended. (0x6D)
[0329/170852.439:ERROR:file_io_win.cc(163)] CreateFile C:\Program Files (x86)\settings.dat: Access is denied. (0x5)
[0329/170852.472:ERROR:crashpad_client_win.cc(660)] crash server failed to launch, no dump captured
[0329/171327.207:ERROR:file_io_win.cc(163)] CreateFile C:\Program Files (x86)\settings.dat: Access is denied. (0x5)
[0329/171327.260:ERROR:registration_protocol_win.cc(84)] TransactNamedPipe: The pipe has been ended. (0x6D)
[0329/171327.261:ERROR:file_io_win.cc(163)] CreateFile C:\Program Files (x86)\settings.dat: Access is denied. (0x5)
[0329/171329.662:ERROR:crashpad_client_win.cc(660)] crash server failed to launch, no dump captured
[0330/121945.127:ERROR:file_io_win.cc(163)] CreateFile C:\Program Files (x86)\settings.dat: Access is denied. (0x5)
[0330/121945.130:ERROR:registration_protocol_win.cc(84)] TransactNamedPipe: The pipe has been ended. (0x6D)
[0330/121945.131:ERROR:file_io_win.cc(163)] CreateFile C:\Program Files (x86)\settings.dat: Access is denied. (0x5)
[0330/121945.159:ERROR:crashpad_client_win.cc(660)] crash server failed to launch, no dump captured
[0331/135631.065:ERROR:file_io_win.cc(163)] CreateFile C:\Program Files (x86)\settings.dat: Access is denied. (0x5)
[0331/135631.345:ERROR:registration_protocol_win.cc(84)] TransactNamedPipe: The pipe has been ended. (0x6D)
[0331/135631.347:ERROR:file_io_win.cc(163)] CreateFile C:\Program Files (x86)\settings.dat: Access is denied. (0x5)
[0331/135632.583:ERROR:crashpad_client_win.cc(660)] crash server failed to launch, no dump captured
[0331/144849.117:ERROR:file_io_win.cc(163)] CreateFile C:\Program Files (x86)\settings.dat: Access is denied. (0x5)
[0331/144849.892:ERROR:registration_protocol_win.cc(84)] TransactNamedPipe: The pipe has been ended. (0x6D)
[0331/144849.893:ERROR:file_io_win.cc(163)] CreateFile C:\Program Files (x86)\settings.dat: Access is denied. (0x5)
[0331/144850.530:ERROR:crashpad_client_win.cc(660)] crash server failed to launch, no dump captured
[0331/144932.020:ERROR:file_io_win.cc(163)] CreateFile C:\Program Files (x86)\settings.dat: Access is denied. (0x5)
[0331/144932.024:ERROR:registration_protocol_win.cc(84)] TransactNamedPipe: The pipe has been ended. (0x6D)
[0331/144932.026:ERROR:file_io_win.cc(163)] CreateFile C:\Program Files (x86)\settings.dat: Access is denied. (0x5)
[0331/144932.053:ERROR:crashpad_client_win.cc(660)] crash server failed to launch, no dump captured
[0331/145211.515:ERROR:file_io_win.cc(163)] CreateFile C:\Program Files (x86)\settings.dat: Access is denied. (0x5)
[0331/145211.518:ERROR:registration_protocol_win.cc(84)] TransactNamedPipe: The pipe has been ended. (0x6D)
[0331/145211.520:ERROR:file_io_win.cc(163)] CreateFile C:\Program Files (x86)\settings.dat: Access is denied. (0x5)
[0331/145211.549:ERROR:crashpad_client_win.cc(660)] crash server failed to launch, no dump captured
[0402/115655.341:ERROR:file_io_win.cc(163)] CreateFile C:\Program Files (x86)\settings.dat: Access is denied. (0x5)
[0402/115655.361:ERROR:registration_protocol_win.cc(84)] TransactNamedPipe: The pipe has been ended. (0x6D)
[0402/115655.363:ERROR:file_io_win.cc(163)] CreateFile C:\Program Files (x86)\settings.dat: Access is denied. (0x5)
[0402/115655.922:ERROR:crashpad_client_win.cc(660)] crash server failed to launch, no dump captured
[0410/162101.718:ERROR:file_io_win.cc(163)] CreateFile C:\Program Files (x86)\settings.dat: Access is denied. (0x5)
[0410/162101.746:ERROR:registration_protocol_win.cc(84)] TransactNamedPipe: The pipe has been ended. (0x6D)
[0410/162101.747:ERROR:file_io_win.cc(163)] CreateFile C:\Program Files (x86)\settings.dat: Access is denied. (0x5)
[0410/162102.711:ERROR:crashpad_client_win.cc(660)] crash server failed to launch, no dump captured
[0411/171421.719:ERROR:file_io_win.cc(163)] CreateFile C:\Program Files (x86)\settings.dat: Access is denied. (0x5)
[0411/171421.740:ERROR:registration_protocol_win.cc(84)] TransactNamedPipe: The pipe has been ended. (0x6D)
[0411/171421.741:ERROR:file_io_win.cc(163)] CreateFile C:\Program Files (x86)\settings.dat: Access is denied. (0x5)
[0411/171422.186:ERROR:crashpad_client_win.cc(660)] crash server failed to launch, no dump captured
[0412/133735.933:ERROR:file_io_win.cc(163)] CreateFile C:\Program Files (x86)\settings.dat: Access is denied. (0x5)
[0412/133735.939:ERROR:registration_protocol_win.cc(84)] TransactNamedPipe: The pipe has been ended. (0x6D)
[0412/133735.941:ERROR:file_io_win.cc(163)] CreateFile C:\Program Files (x86)\settings.dat: Access is denied. (0x5)
[0412/133736.459:ERROR:crashpad_client_win.cc(660)] crash server failed to launch, no dump captured
[0412/150530.745:ERROR:file_io_win.cc(163)] CreateFile C:\Program Files (x86)\settings.dat: Access is denied. (0x5)
[0412/150530.751:ERROR:registration_protocol_win.cc(84)] TransactNamedPipe: The pipe has been ended. (0x6D)
[0412/150530.752:ERROR:file_io_win.cc(163)] CreateFile C:\Program Files (x86)\settings.dat: Access is denied. (0x5)
[0412/150530.792:ERROR:crashpad_client_win.cc(660)] crash server failed to launch, no dump captured
[0412/150612.805:ERROR:file_io_win.cc(163)] CreateFile C:\Program Files (x86)\settings.dat: Access is denied. (0x5)
[0412/150612.810:ERROR:registration_protocol_win.cc(84)] TransactNamedPipe: The pipe has been ended. (0x6D)
[0412/150612.812:ERROR:file_io_win.cc(163)] CreateFile C:\Program Files (x86)\settings.dat: Access is denied. (0x5)
[0412/150612.839:ERROR:crashpad_client_win.cc(660)] crash server failed to launch, no dump captured
[0412/190714.149:ERROR:file_io_win.cc(163)] CreateFile C:\Program Files (x86)\settings.dat: Access is denied. (0x5)
[0412/190714.161:ERROR:registration_protocol_win.cc(84)] TransactNamedPipe: The pipe has been ended. (0x6D)
[0412/190714.163:ERROR:file_io_win.cc(163)] CreateFile C:\Program Files (x86)\settings.dat: Access is denied. (0x5)
[0412/190714.643:ERROR:crashpad_client_win.cc(660)] crash server failed to launch, no dump captured
[0413/164044.955:ERROR:file_io_win.cc(163)] CreateFile C:\Program Files (x86)\settings.dat: Access is denied. (0x5)
[0413/164044.972:ERROR:registration_protocol_win.cc(84)] TransactNamedPipe: The pipe has been ended. (0x6D)
[0413/164044.974:ERROR:file_io_win.cc(163)] CreateFile C:\Program Files (x86)\settings.dat: Access is denied. (0x5)
[0413/164045.526:ERROR:crashpad_client_win.cc(660)] crash server failed to launch, no dump captured
[0413/164058.143:ERROR:file_io_win.cc(163)] CreateFile C:\Program Files (x86)\settings.dat: Access is denied. (0x5)
[0413/164058.148:ERROR:registration_protocol_win.cc(84)] TransactNamedPipe: The pipe has been ended. (0x6D)
[0413/164058.150:ERROR:file_io_win.cc(163)] CreateFile C:\Program Files (x86)\settings.dat: Access is denied. (0x5)
[0413/164058.176:ERROR:crashpad_client_win.cc(660)] crash server failed to launch, no dump captured
[0417/115616.040:ERROR:file_io_win.cc(163)] CreateFile C:\Program Files (x86)\settings.dat: Access is denied. (0x5)
[0417/115616.064:ERROR:registration_protocol_win.cc(84)] TransactNamedPipe: The pipe has been ended. (0x6D)
[0417/115616.066:ERROR:file_io_win.cc(163)] CreateFile C:\Program Files (x86)\settings.dat: Access is denied. (0x5)
[0417/115616.733:ERROR:crashpad_client_win.cc(660)] crash server failed to launch, no dump captured
[0417/161227.530:ERROR:file_io_win.cc(163)] CreateFile C:\Program Files (x86)\settings.dat: Access is denied. (0x5)
[0417/161227.533:ERROR:registration_protocol_win.cc(84)] TransactNamedPipe: The pipe has been ended. (0x6D)
[0417/161227.534:ERROR:file_io_win.cc(163)] CreateFile C:\Program Files (x86)\settings.dat: Access is denied. (0x5)
[0417/161227.575:ERROR:crashpad_client_win.cc(660)] crash server failed to launch, no dump captured
[0417/161324.380:ERROR:file_io_win.cc(163)] CreateFile C:\Program Files (x86)\settings.dat: Access is denied. (0x5)
[0417/161324.383:ERROR:registration_protocol_win.cc(84)] TransactNamedPipe: The pipe has been ended. (0x6D)
[0417/161324.385:ERROR:file_io_win.cc(163)] CreateFile C:\Program Files (x86)\settings.dat: Access is denied. (0x5)
[0417/161324.832:ERROR:crashpad_client_win.cc(660)] crash server failed to launch, no dump captured
[0417/171549.419:ERROR:file_io_win.cc(163)] CreateFile C:\Program Files (x86)\settings.dat: Access is denied. (0x5)
[0417/171549.422:ERROR:registration_protocol_win.cc(84)] TransactNamedPipe: The pipe has been ended. (0x6D)
[0417/171549.423:ERROR:file_io_win.cc(163)] CreateFile C:\Program Files (x86)\settings.dat: Access is denied. (0x5)
[0417/171550.323:ERROR:crashpad_client_win.cc(660)] crash server failed to launch, no dump captured
[0418/115602.212:ERROR:file_io_win.cc(163)] CreateFile C:\Program Files (x86)\settings.dat: Access is denied. (0x5)
[0418/115602.215:ERROR:registration_protocol_win.cc(84)] TransactNamedPipe: The pipe has been ended. (0x6D)
[0418/115602.217:ERROR:file_io_win.cc(163)] CreateFile C:\Program Files (x86)\settings.dat: Access is denied. (0x5)
[0418/115602.850:ERROR:crashpad_client_win.cc(660)] crash server failed to launch, no dump captured
[0418/124628.899:ERROR:file_io_win.cc(163)] CreateFile C:\Program Files (x86)\settings.dat: Access is denied. (0x5)
[0418/124628.902:ERROR:registration_protocol_win.cc(84)] TransactNamedPipe: The pipe has been ended. (0x6D)
[0418/124628.904:ERROR:file_io_win.cc(163)] CreateFile C:\Program Files (x86)\settings.dat: Access is denied. (0x5)
[0418/124628.932:ERROR:crashpad_client_win.cc(660)] crash server failed to launch, no dump captured
[0418/133131.661:ERROR:file_io_win.cc(163)] CreateFile C:\Program Files (x86)\settings.dat: Access is denied. (0x5)
[0418/133131.664:ERROR:registration_protocol_win.cc(84)] TransactNamedPipe: The pipe has been ended. (0x6D)
[0418/133131.665:ERROR:file_io_win.cc(163)] CreateFile C:\Program Files (x86)\settings.dat: Access is denied. (0x5)
[0418/133131.691:ERROR:crashpad_client_win.cc(660)] crash server failed to launch, no dump captured
[0418/141519.813:ERROR:file_io_win.cc(163)] CreateFile C:\Program Files (x86)\settings.dat: Access is denied. (0x5)
[0418/141519.816:ERROR:registration_protocol_win.cc(84)] TransactNamedPipe: The pipe has been ended. (0x6D)
[0418/141519.818:ERROR:file_io_win.cc(163)] CreateFile C:\Program Files (x86)\settings.dat: Access is denied. (0x5)
[0418/141519.859:ERROR:crashpad_client_win.cc(660)] crash server failed to launch, no dump captured
[0418/141533.816:ERROR:file_io_win.cc(163)] CreateFile C:\Program Files (x86)\settings.dat: Access is denied. (0x5)
[0418/141533.819:ERROR:registration_protocol_win.cc(84)] TransactNamedPipe: The pipe has been ended. (0x6D)
[0418/141533.821:ERROR:file_io_win.cc(163)] CreateFile C:\Program Files (x86)\settings.dat: Access is denied. (0x5)
[0418/141533.850:ERROR:crashpad_client_win.cc(660)] crash server failed to launch, no dump captured
[0418/141623.702:ERROR:file_io_win.cc(163)] CreateFile C:\Program Files (x86)\settings.dat: Access is denied. (0x5)
[0418/141623.705:ERROR:registration_protocol_win.cc(84)] TransactNamedPipe: The pipe has been ended. (0x6D)
[0418/141623.707:ERROR:file_io_win.cc(163)] CreateFile C:\Program Files (x86)\settings.dat: Access is denied. (0x5)
[0418/141623.733:ERROR:crashpad_client_win.cc(660)] crash server failed to launch, no dump captured
[0419/115418.436:ERROR:file_io_win.cc(163)] CreateFile C:\Program Files (x86)\settings.dat: Access is denied. (0x5)
[0419/115418.439:ERROR:registration_protocol_win.cc(84)] TransactNamedPipe: The pipe has been ended. (0x6D)
[0419/115418.441:ERROR:file_io_win.cc(163)] CreateFile C:\Program Files (x86)\settings.dat: Access is denied. (0x5)
[0419/115418.478:ERROR:crashpad_client_win.cc(660)] crash server failed to launch, no dump captured
[0419/115521.724:ERROR:file_io_win.cc(163)] CreateFile C:\Program Files (x86)\settings.dat: Access is denied. (0x5)
[0419/115521.727:ERROR:registration_protocol_win.cc(84)] TransactNamedPipe: The pipe has been ended. (0x6D)
[0419/115521.728:ERROR:file_io_win.cc(163)] CreateFile C:\Program Files (x86)\settings.dat: Access is denied. (0x5)
[0419/115522.146:ERROR:crashpad_client_win.cc(660)] crash server failed to launch, no dump captured
[0419/115942.396:ERROR:file_io_win.cc(163)] CreateFile C:\Program Files (x86)\settings.dat: Access is denied. (0x5)
[0419/115942.400:ERROR:registration_protocol_win.cc(84)] TransactNamedPipe: The pipe has been ended. (0x6D)
[0419/115942.401:ERROR:file_io_win.cc(163)] CreateFile C:\Program Files (x86)\settings.dat: Access is denied. (0x5)
[0419/115943.111:ERROR:crashpad_client_win.cc(660)] crash server failed to launch, no dump captured
[0419/121005.878:ERROR:file_io_win.cc(163)] CreateFile C:\Program Files (x86)\settings.dat: Access is denied. (0x5)
[0419/121005.881:ERROR:registration_protocol_win.cc(84)] TransactNamedPipe: The pipe has been ended. (0x6D)
[0419/121005.883:ERROR:file_io_win.cc(163)] CreateFile C:\Program Files (x86)\settings.dat: Access is denied. (0x5)
[0419/121005.915:ERROR:crashpad_client_win.cc(660)] crash server failed to launch, no dump captured
[0419/121011.262:ERROR:file_io_win.cc(163)] CreateFile C:\Program Files (x86)\settings.dat: Access is denied. (0x5)
[0419/121011.266:ERROR:registration_protocol_win.cc(84)] TransactNamedPipe: The pipe has been ended. (0x6D)
[0419/121011.267:ERROR:file_io_win.cc(163)] CreateFile C:\Program Files (x86)\settings.dat: Access is denied. (0x5)
[0419/121011.303:ERROR:crashpad_client_win.cc(660)] crash server failed to launch, no dump captured
[0419/121044.091:ERROR:file_io_win.cc(163)] CreateFile C:\Program Files (x86)\settings.dat: Access is denied. (0x5)
[0419/121044.094:ERROR:registration_protocol_win.cc(84)] TransactNamedPipe: The pipe has been ended. (0x6D)
[0419/121044.096:ERROR:file_io_win.cc(163)] CreateFile C:\Program Files (x86)\settings.dat: Access is denied. (0x5)
[0419/121044.136:ERROR:crashpad_client_win.cc(660)] crash server failed to launch, no dump captured
[0419/131130.396:ERROR:file_io_win.cc(163)] CreateFile C:\Program Files (x86)\settings.dat: Access is denied. (0x5)
[0419/131130.399:ERROR:registration_protocol_win.cc(84)] TransactNamedPipe: The pipe has been ended. (0x6D)
[0419/131130.400:ERROR:file_io_win.cc(163)] CreateFile C:\Program Files (x86)\settings.dat: Access is denied. (0x5)
[0419/131130.431:ERROR:crashpad_client_win.cc(660)] crash server failed to launch, no dump captured
[0419/133502.155:ERROR:file_io_win.cc(163)] CreateFile C:\Program Files (x86)\settings.dat: Access is denied. (0x5)
[0419/133502.158:ERROR:registration_protocol_win.cc(84)] TransactNamedPipe: The pipe has been ended. (0x6D)
[0419/133502.160:ERROR:file_io_win.cc(163)] CreateFile C:\Program Files (x86)\settings.dat: Access is denied. (0x5)
[0419/133502.928:ERROR:crashpad_client_win.cc(660)] crash server failed to launch, no dump captured
[0419/140030.487:ERROR:file_io_win.cc(163)] CreateFile C:\Program Files (x86)\settings.dat: Access is denied. (0x5)
[0419/140030.492:ERROR:registration_protocol_win.cc(84)] TransactNamedPipe: The pipe has been ended. (0x6D)
[0419/140030.493:ERROR:file_io_win.cc(163)] CreateFile C:\Program Files (x86)\settings.dat: Access is denied. (0x5)
[0419/140030.522:ERROR:crashpad_client_win.cc(660)] crash server failed to launch, no dump captured
[0420/143552.971:ERROR:file_io_win.cc(163)] CreateFile C:\Program Files (x86)\settings.dat: Access is denied. (0x5)
[0420/143553.634:ERROR:registration_protocol_win.cc(84)] TransactNamedPipe: The pipe has been ended. (0x6D)
[0420/143553.637:ERROR:file_io_win.cc(163)] CreateFile C:\Program Files (x86)\settings.dat: Access is denied. (0x5)
[0420/143554.122:ERROR:crashpad_client_win.cc(660)] crash server failed to launch, no dump captured
[0421/121811.080:ERROR:file_io_win.cc(163)] CreateFile C:\Program Files (x86)\settings.dat: Access is denied. (0x5)
[0421/121811.095:ERROR:registration_protocol_win.cc(84)] TransactNamedPipe: The pipe has been ended. (0x6D)
[0421/121811.097:ERROR:file_io_win.cc(163)] CreateFile C:\Program Files (x86)\settings.dat: Access is denied. (0x5)
[0421/121811.128:ERROR:file_io_win.cc(163)] CreateFile C:\Program Files (x86)\settings.dat: Access is denied. (0x5)
[0421/121811.133:ERROR:registration_protocol_win.cc(84)] TransactNamedPipe: The pipe has been ended. (0x6D)
[0421/121811.135:ERROR:file_io_win.cc(163)] CreateFile C:\Program Files (x86)\settings.dat: Access is denied. (0x5)
[0421/121811.138:ERROR:crashpad_client_win.cc(660)] crash server failed to launch, no dump captured
[0421/121811.171:ERROR:crashpad_client_win.cc(660)] crash server failed to launch, no dump captured
[0421/151247.307:ERROR:file_io_win.cc(163)] CreateFile C:\Program Files (x86)\settings.dat: Access is denied. (0x5)
[0421/151247.339:ERROR:registration_protocol_win.cc(84)] TransactNamedPipe: The pipe has been ended. (0x6D)
[0421/151247.341:ERROR:file_io_win.cc(163)] CreateFile C:\Program Files (x86)\settings.dat: Access is denied. (0x5)
[0421/151247.765:ERROR:crashpad_client_win.cc(660)] crash server failed to launch, no dump captured
[0421/152247.749:ERROR:file_io_win.cc(163)] CreateFile C:\Program Files (x86)\settings.dat: Access is denied. (0x5)
[0421/152247.751:ERROR:registration_protocol_win.cc(84)] TransactNamedPipe: The pipe has been ended. (0x6D)
[0421/152247.753:ERROR:file_io_win.cc(163)] CreateFile C:\Program Files (x86)\settings.dat: Access is denied. (0x5)
[0421/152247.782:ERROR:crashpad_client_win.cc(660)] crash server failed to launch, no dump captured
[0421/152553.071:ERROR:file_io_win.cc(163)] CreateFile C:\Program Files (x86)\settings.dat: Access is denied. (0x5)
[0421/152553.074:ERROR:registration_protocol_win.cc(84)] TransactNamedPipe: The pipe has been ended. (0x6D)
[0421/152553.076:ERROR:file_io_win.cc(163)] CreateFile C:\Program Files (x86)\settings.dat: Access is denied. (0x5)
[0421/152553.211:ERROR:crashpad_client_win.cc(660)] crash server failed to launch, no dump captured
[0423/092248.419:ERROR:file_io_win.cc(163)] CreateFile C:\Program Files (x86)\settings.dat: Access is denied. (0x5)
[0423/092248.421:ERROR:registration_protocol_win.cc(84)] TransactNamedPipe: The pipe has been ended. (0x6D)
[0423/092248.423:ERROR:file_io_win.cc(163)] CreateFile C:\Program Files (x86)\settings.dat: Access is denied. (0x5)
[0423/092249.795:ERROR:crashpad_client_win.cc(660)] crash server failed to launch, no dump captured
[0423/154528.639:ERROR:file_io_win.cc(163)] CreateFile C:\Program Files (x86)\settings.dat: Access is denied. (0x5)
[0423/154528.661:ERROR:registration_protocol_win.cc(84)] TransactNamedPipe: The pipe has been ended. (0x6D)
[0423/154528.662:ERROR:file_io_win.cc(163)] CreateFile C:\Program Files (x86)\settings.dat: Access is denied. (0x5)
[0423/154530.364:ERROR:crashpad_client_win.cc(660)] crash server failed to launch, no dump captured
[0423/155856.561:ERROR:file_io_win.cc(163)] CreateFile C:\Program Files (x86)\settings.dat: Access is denied. (0x5)
[0423/155856.565:ERROR:registration_protocol_win.cc(84)] TransactNamedPipe: The pipe has been ended. (0x6D)
[0423/155856.567:ERROR:file_io_win.cc(163)] CreateFile C:\Program Files (x86)\settings.dat: Access is denied. (0x5)
[0423/155858.340:ERROR:crashpad_client_win.cc(660)] crash server failed to launch, no dump captured
[0423/160128.223:ERROR:file_io_win.cc(163)] CreateFile C:\Program Files (x86)\settings.dat: Access is denied. (0x5)
[0423/160128.227:ERROR:registration_protocol_win.cc(84)] TransactNamedPipe: The pipe has been ended. (0x6D)
[0423/160128.229:ERROR:file_io_win.cc(163)] CreateFile C:\Program Files (x86)\settings.dat: Access is denied. (0x5)
[0423/160129.839:ERROR:file_io_win.cc(163)] CreateFile C:\Program Files (x86)\settings.dat: Access is denied. (0x5)
[0423/160129.856:ERROR:registration_protocol_win.cc(84)] TransactNamedPipe: The pipe has been ended. (0x6D)
[0423/160129.858:ERROR:file_io_win.cc(163)] CreateFile C:\Program Files (x86)\settings.dat: Access is denied. (0x5)
[0423/160130.018:ERROR:crashpad_client_win.cc(660)] crash server failed to launch, no dump captured
[0423/160130.023:ERROR:crashpad_client_win.cc(660)] crash server failed to launch, no dump captured
[0423/192327.134:ERROR:file_io_win.cc(163)] CreateFile C:\Program Files (x86)\settings.dat: Access is denied. (0x5)
[0423/192327.139:ERROR:registration_protocol_win.cc(84)] TransactNamedPipe: The pipe has been ended. (0x6D)
[0423/192327.141:ERROR:file_io_win.cc(163)] CreateFile C:\Program Files (x86)\settings.dat: Access is denied. (0x5)
[0423/192327.168:ERROR:crashpad_client_win.cc(660)] crash server failed to launch, no dump captured
[0424/135613.886:ERROR:file_io_win.cc(163)] CreateFile C:\Program Files (x86)\settings.dat: Access is denied. (0x5)
[0424/135613.919:ERROR:registration_protocol_win.cc(84)] TransactNamedPipe: The pipe has been ended. (0x6D)
[0424/135613.921:ERROR:file_io_win.cc(163)] CreateFile C:\Program Files (x86)\settings.dat: Access is denied. (0x5)
[0424/135614.347:ERROR:crashpad_client_win.cc(660)] crash server failed to launch, no dump captured
[0425/115716.602:ERROR:file_io_win.cc(163)] CreateFile C:\Program Files (x86)\settings.dat: Access is denied. (0x5)
[0425/115716.625:ERROR:registration_protocol_win.cc(84)] TransactNamedPipe: The pipe has been ended. (0x6D)
[0425/115716.627:ERROR:file_io_win.cc(163)] CreateFile C:\Program Files (x86)\settings.dat: Access is denied. (0x5)
[0425/115716.664:ERROR:crashpad_client_win.cc(660)] crash server failed to launch, no dump captured
[0425/124625.571:ERROR:file_io_win.cc(163)] CreateFile C:\Program Files (x86)\settings.dat: Access is denied. (0x5)
[0425/124625.576:ERROR:registration_protocol_win.cc(84)] TransactNamedPipe: The pipe has been ended. (0x6D)
[0425/124625.577:ERROR:file_io_win.cc(163)] CreateFile C:\Program Files (x86)\settings.dat: Access is denied. (0x5)
[0425/124625.993:ERROR:crashpad_client_win.cc(660)] crash server failed to launch, no dump captured
[0426/070303.922:ERROR:file_io_win.cc(163)] CreateFile C:\Program Files (x86)\settings.dat: Access is denied. (0x5)
[0426/070303.928:ERROR:registration_protocol_win.cc(84)] TransactNamedPipe: The pipe has been ended. (0x6D)
[0426/070303.929:ERROR:file_io_win.cc(163)] CreateFile C:\Program Files (x86)\settings.dat: Access is denied. (0x5)
[0426/070303.970:ERROR:crashpad_client_win.cc(660)] crash server failed to launch, no dump captured
[0426/115205.031:ERROR:file_io_win.cc(163)] CreateFile C:\Program Files (x86)\settings.dat: Access is denied. (0x5)
[0426/115205.036:ERROR:registration_protocol_win.cc(84)] TransactNamedPipe: The pipe has been ended. (0x6D)
[0426/115205.038:ERROR:file_io_win.cc(163)] CreateFile C:\Program Files (x86)\settings.dat: Access is denied. (0x5)
[0426/115205.073:ERROR:crashpad_client_win.cc(660)] crash server failed to launch, no dump captured
[0426/123815.302:ERROR:file_io_win.cc(163)] CreateFile C:\Program Files (x86)\settings.dat: Access is denied. (0x5)
[0426/123815.308:ERROR:registration_protocol_win.cc(84)] TransactNamedPipe: The pipe has been ended. (0x6D)
[0426/123815.309:ERROR:file_io_win.cc(163)] CreateFile C:\Program Files (x86)\settings.dat: Access is denied. (0x5)
[0426/123815.568:ERROR:crashpad_client_win.cc(660)] crash server failed to launch, no dump captured
[0426/182113.618:ERROR:file_io_win.cc(163)] CreateFile C:\Program Files (x86)\settings.dat: Access is denied. (0x5)
[0426/182113.629:ERROR:registration_protocol_win.cc(84)] TransactNamedPipe: The pipe has been ended. (0x6D)
[0426/182113.630:ERROR:file_io_win.cc(163)] CreateFile C:\Program Files (x86)\settings.dat: Access is denied. (0x5)
[0426/182114.907:ERROR:crashpad_client_win.cc(660)] crash server failed to launch, no dump captured
[0427/123031.274:ERROR:file_io_win.cc(163)] CreateFile C:\Program Files (x86)\settings.dat: Access is denied. (0x5)
[0427/123031.281:ERROR:registration_protocol_win.cc(84)] TransactNamedPipe: The pipe has been ended. (0x6D)
[0427/123031.282:ERROR:file_io_win.cc(163)] CreateFile C:\Program Files (x86)\settings.dat: Access is denied. (0x5)
[0427/123031.324:ERROR:crashpad_client_win.cc(660)] crash server failed to launch, no dump captured
[0430/115152.378:ERROR:file_io_win.cc(163)] CreateFile C:\Program Files (x86)\settings.dat: Access is denied. (0x5)
[0430/115152.408:ERROR:registration_protocol_win.cc(84)] TransactNamedPipe: The pipe has been ended. (0x6D)
[0430/115152.410:ERROR:file_io_win.cc(163)] CreateFile C:\Program Files (x86)\settings.dat: Access is denied. (0x5)
[0430/115152.838:ERROR:crashpad_client_win.cc(660)] crash server failed to launch, no dump captured
[0430/140051.963:ERROR:file_io_win.cc(163)] CreateFile C:\Program Files (x86)\settings.dat: Access is denied. (0x5)
[0430/140051.968:ERROR:registration_protocol_win.cc(84)] TransactNamedPipe: The pipe has been ended. (0x6D)
[0430/140051.970:ERROR:file_io_win.cc(163)] CreateFile C:\Program Files (x86)\settings.dat: Access is denied. (0x5)
[0430/140052.372:ERROR:crashpad_client_win.cc(660)] crash server failed to launch, no dump captured
[0506/190104.149:ERROR:file_io_win.cc(163)] CreateFile C:\Program Files (x86)\settings.dat: Access is denied. (0x5)
[0506/190104.208:ERROR:registration_protocol_win.cc(84)] TransactNamedPipe: The pipe has been ended. (0x6D)
[0506/190104.216:ERROR:file_io_win.cc(163)] CreateFile C:\Program Files (x86)\settings.dat: Access is denied. (0x5)
[0506/190104.507:ERROR:crashpad_client_win.cc(660)] crash server failed to launch, no dump captured
[0509/182045.908:ERROR:file_io_win.cc(163)] CreateFile C:\Program Files (x86)\settings.dat: Access is denied. (0x5)
[0509/182045.926:ERROR:registration_protocol_win.cc(84)] TransactNamedPipe: The pipe has been ended. (0x6D)
[0509/182045.927:ERROR:file_io_win.cc(163)] CreateFile C:\Program Files (x86)\settings.dat: Access is denied. (0x5)
[0509/182045.965:ERROR:crashpad_client_win.cc(660)] crash server failed to launch, no dump captured
[0515/143041.251:ERROR:file_io_win.cc(163)] CreateFile C:\Program Files (x86)\settings.dat: Access is denied. (0x5)
[0515/143041.268:ERROR:registration_protocol_win.cc(84)] TransactNamedPipe: The pipe has been ended. (0x6D)
[0515/143041.270:ERROR:file_io_win.cc(163)] CreateFile C:\Program Files (x86)\settings.dat: Access is denied. (0x5)
[0515/143041.717:ERROR:crashpad_client_win.cc(660)] crash server failed to launch, no dump captured
[0515/174212.229:ERROR:file_io_win.cc(163)] CreateFile C:\Program Files (x86)\settings.dat: Access is denied. (0x5)
[0515/174212.241:ERROR:registration_protocol_win.cc(84)] TransactNamedPipe: The pipe has been ended. (0x6D)
[0515/174212.243:ERROR:file_io_win.cc(163)] CreateFile C:\Program Files (x86)\settings.dat: Access is denied. (0x5)
[0515/174212.393:ERROR:crashpad_client_win.cc(660)] crash server failed to launch, no dump captured
[0517/144443.999:ERROR:crash_report_database_win.cc(563)] CreateDirectory C:\Program Files (x86)\Google\Chrome\reports: Access is denied. (0x5)
[0517/144444.021:ERROR:registration_protocol_win.cc(83)] TransactNamedPipe: The pipe has been ended. (0x6D)
[0517/144444.023:ERROR:crash_report_database_win.cc(563)] CreateDirectory C:\Program Files (x86)\Google\Chrome\reports: Access is denied. (0x5)
[0518/145830.672:ERROR:crash_report_database_win.cc(563)] CreateDirectory C:\Program Files (x86)\Google\Chrome\reports: Access is denied. (0x5)
[0518/145830.687:ERROR:registration_protocol_win.cc(83)] TransactNamedPipe: The pipe has been ended. (0x6D)
[0518/145830.688:ERROR:crash_report_database_win.cc(563)] CreateDirectory C:\Program Files (x86)\Google\Chrome\reports: Access is denied. (0x5)
[0518/152542.320:ERROR:crash_report_database_win.cc(563)] CreateDirectory C:\Program Files (x86)\Google\Chrome\reports: Access is denied. (0x5)
[0518/152542.326:ERROR:registration_protocol_win.cc(83)] TransactNamedPipe: The pipe has been ended. (0x6D)
[0518/152542.327:ERROR:crash_report_database_win.cc(563)] CreateDirectory C:\Program Files (x86)\Google\Chrome\reports: Access is denied. (0x5)
[0523/074609.469:ERROR:crash_report_database_win.cc(563)] CreateDirectory C:\Program Files (x86)\Google\Chrome\reports: Access is denied. (0x5)
[0523/074609.491:ERROR:registration_protocol_win.cc(83)] TransactNamedPipe: The pipe has been ended. (0x6D)
[0523/074609.492:ERROR:crash_report_database_win.cc(563)] CreateDirectory C:\Program Files (x86)\Google\Chrome\reports: Access is denied. (0x5)
[0523/170500.798:ERROR:crash_report_database_win.cc(563)] CreateDirectory C:\Program Files (x86)\Google\Chrome\reports: Access is denied. (0x5)
[0523/170500.804:ERROR:registration_protocol_win.cc(83)] TransactNamedPipe: The pipe has been ended. (0x6D)
[0523/170500.805:ERROR:crash_report_database_win.cc(563)] CreateDirectory C:\Program Files (x86)\Google\Chrome\reports: Access is denied. (0x5)
[0529/130153.553:ERROR:crash_report_database_win.cc(563)] CreateDirectory C:\Program Files (x86)\Google\Chrome\reports: Access is denied. (0x5)
[0529/130153.583:ERROR:registration_protocol_win.cc(83)] TransactNamedPipe: The pipe has been ended. (0x6D)
[0529/130153.585:ERROR:crash_report_database_win.cc(563)] CreateDirectory C:\Program Files (x86)\Google\Chrome\reports: Access is denied. (0x5)
[0529/163548.779:ERROR:crash_report_database_win.cc(563)] CreateDirectory C:\Program Files (x86)\Google\Chrome\reports: Access is denied. (0x5)
[0529/163548.789:ERROR:registration_protocol_win.cc(83)] TransactNamedPipe: The pipe has been ended. (0x6D)
[0529/163548.790:ERROR:crash_report_database_win.cc(563)] CreateDirectory C:\Program Files (x86)\Google\Chrome\reports: Access is denied. (0x5)
[0531/172901.780:ERROR:crash_report_database_win.cc(563)] CreateDirectory C:\Program Files (x86)\Google\Chrome\reports: Access is denied. (0x5)
[0531/172901.792:ERROR:registration_protocol_win.cc(83)] TransactNamedPipe: The pipe has been ended. (0x6D)
[0531/172901.794:ERROR:crash_report_database_win.cc(563)] CreateDirectory C:\Program Files (x86)\Google\Chrome\reports: Access is denied. (0x5)
[0601/114905.656:ERROR:crash_report_database_win.cc(563)] CreateDirectory C:\Program Files (x86)\Google\Chrome\reports: Access is denied. (0x5)
[0601/114905.661:ERROR:registration_protocol_win.cc(83)] TransactNamedPipe: The pipe has been ended. (0x6D)
[0601/114905.663:ERROR:crash_report_database_win.cc(563)] CreateDirectory C:\Program Files (x86)\Google\Chrome\reports: Access is denied. (0x5)
[0601/114925.753:ERROR:crash_report_database_win.cc(563)] CreateDirectory C:\Program Files (x86)\Google\Chrome\reports: Access is denied. (0x5)
[0601/114925.760:ERROR:registration_protocol_win.cc(83)] TransactNamedPipe: The pipe has been ended. (0x6D)
[0601/114925.761:ERROR:crash_report_database_win.cc(563)] CreateDirectory C:\Program Files (x86)\Google\Chrome\reports: Access is denied. (0x5)
[0605/130917.482:ERROR:file_io_win.cc(163)] CreateFile C:\Program Files (x86)\Google\Chrome\settings.dat: Access is denied. (0x5)
[0605/130917.528:ERROR:registration_protocol_win.cc(83)] TransactNamedPipe: The pipe has been ended. (0x6D)
[0605/130917.530:ERROR:file_io_win.cc(163)] CreateFile C:\Program Files (x86)\Google\Chrome\settings.dat: Access is denied. (0x5)
[0605/172859.543:ERROR:file_io_win.cc(163)] CreateFile C:\Program Files (x86)\Google\Chrome\settings.dat: Access is denied. (0x5)
[0605/172859.562:ERROR:registration_protocol_win.cc(83)] TransactNamedPipe: The pipe has been ended. (0x6D)
[0605/172859.565:ERROR:file_io_win.cc(163)] CreateFile C:\Program Files (x86)\Google\Chrome\settings.dat: Access is denied. (0x5)
[0611/201518.601:ERROR:file_io_win.cc(163)] CreateFile C:\Program Files (x86)\Google\Chrome\settings.dat: Access is denied. (0x5)
[0611/201518.624:ERROR:registration_protocol_win.cc(83)] TransactNamedPipe: The pipe has been ended. (0x6D)
[0611/201518.626:ERROR:file_io_win.cc(163)] CreateFile C:\Program Files (x86)\Google\Chrome\settings.dat: Access is denied. (0x5)
[0616/093713.415:ERROR:file_io_win.cc(163)] CreateFile C:\Program Files (x86)\Google\Chrome\settings.dat: Access is denied. (0x5)
[0616/093713.421:ERROR:registration_protocol_win.cc(83)] TransactNamedPipe: The pipe has been ended. (0x6D)
[0616/093713.423:ERROR:file_io_win.cc(163)] CreateFile C:\Program Files (x86)\Google\Chrome\settings.dat: Access is denied. (0x5)
[0616/115159.042:ERROR:file_io_win.cc(163)] CreateFile C:\Program Files (x86)\Google\Chrome\settings.dat: Access is denied. (0x5)
[0616/115159.058:ERROR:registration_protocol_win.cc(83)] TransactNamedPipe: The pipe has been ended. (0x6D)
[0616/115159.060:ERROR:file_io_win.cc(163)] CreateFile C:\Program Files (x86)\Google\Chrome\settings.dat: Access is denied. (0x5)
[0616/115254.960:ERROR:file_io_win.cc(163)] CreateFile C:\Program Files (x86)\Google\Chrome\settings.dat: Access is denied. (0x5)
[0616/115254.966:ERROR:registration_protocol_win.cc(83)] TransactNamedPipe: The pipe has been ended. (0x6D)
[0616/115254.968:ERROR:file_io_win.cc(163)] CreateFile C:\Program Files (x86)\Google\Chrome\settings.dat: Access is denied. (0x5)
[0616/120238.145:ERROR:file_io_win.cc(163)] CreateFile C:\Program Files (x86)\Google\Chrome\settings.dat: Access is denied. (0x5)
[0616/120238.151:ERROR:registration_protocol_win.cc(83)] TransactNamedPipe: The pipe has been ended. (0x6D)
[0616/120238.153:ERROR:file_io_win.cc(163)] CreateFile C:\Program Files (x86)\Google\Chrome\settings.dat: Access is denied. (0x5)
